<?xml version="1.0" encoding="UTF-8"?>
<testng-results ignored="0" total="1" passed="1" failed="0" skipped="0">
  <reporter-output>
  </reporter-output>
  <suite started-at="2023-06-08T17:22:57 IST" name="Default suite" finished-at="2023-06-08T17:23:28 IST" duration-ms="31576">
    <groups>
    </groups>
    <test started-at="2023-06-08T17:22:57 IST" name="Default test" finished-at="2023-06-08T17:23:28 IST" duration-ms="31576">
      <class name="Interview_Task.Validate_TO_Broken_Images">
        <test-method signature="Checkbrokenimage()[pri:0, instance:Interview_Task.Validate_TO_Broken_Images@47d90b9e]" started-at="2023-06-08T17:22:57 IST" name="Checkbrokenimage" finished-at="2023-06-08T17:23:28 IST" duration-ms="31527" status="PASS">
          <reporter-output>
          </reporter-output>
        </test-method> <!-- Checkbrokenimage -->
      </class> <!-- Interview_Task.Validate_TO_Broken_Images -->
    </test> <!-- Default test -->
  </suite> <!-- Default suite -->
</testng-results>
